<?xml version="1.0" encoding="UTF-8"?>
<!-- Generated by org.testng.reporters.JUnitReportReporter -->
<testsuite hostname="WIN106401" failures="0" tests="1" name="com.RestAssuredPro.test.TCtest0056_ExtracyValuesofEachNodeinJSON" time="0.628" errors="0" timestamp="02 Aug 2019 18:37:58 GMT" skipped="0">
  <testcase classname="com.RestAssuredPro.test.TCtest0056_ExtracyValuesofEachNodeinJSON" name="extracyValuesofEachNodeinJSON" time="0.628"/>
</testsuite> <!-- com.RestAssuredPro.test.TCtest0056_ExtracyValuesofEachNodeinJSON -->
