<?xml version="1.0" encoding="UTF-8"?>
<!-- Generated by org.testng.reporters.JUnitReportReporter -->
<testsuite hostname="WIN106401" failures="0" tests="7" name="com.RestAssuredPro.test.TC04_Put_UpdateEmployeeRecord" time="1.536" errors="0" timestamp="03 Aug 2019 12:37:15 GMT" skipped="0">
  <testcase classname="com.RestAssuredPro.test.TC04_Put_UpdateEmployeeRecord" name="checkStatusCode" time="0.028"/>
  <testcase classname="com.RestAssuredPro.test.TC04_Put_UpdateEmployeeRecord" name="checkResponseTime" time="1.255"/>
  <testcase classname="com.RestAssuredPro.test.TC04_Put_UpdateEmployeeRecord" name="checkStatusLine" time="0.016"/>
  <testcase classname="com.RestAssuredPro.test.TC04_Put_UpdateEmployeeRecord" name="checkserverType" time="0.004"/>
  <testcase classname="com.RestAssuredPro.test.TC04_Put_UpdateEmployeeRecord" name="checkContentLength" time="0.042"/>
  <testcase classname="com.RestAssuredPro.test.TC04_Put_UpdateEmployeeRecord" name="checkContentType" time="0.062"/>
  <testcase classname="com.RestAssuredPro.test.TC04_Put_UpdateEmployeeRecord" name="checkResponseBody" time="0.129"/>
</testsuite> <!-- com.RestAssuredPro.test.TC04_Put_UpdateEmployeeRecord -->
