<?xml version="1.0" encoding="UTF-8"?>
<!-- Generated by org.testng.reporters.JUnitReportReporter -->
<testsuite hostname="WIN106401" failures="0" tests="1" name="com.RestAssuredPro.test.TCTest003_GooglemapGetReq" time="1.025" errors="0" timestamp="02 Aug 2019 18:37:58 GMT" skipped="0">
  <testcase classname="com.RestAssuredPro.test.TCTest003_GooglemapGetReq" name="googlgemapGetRequest" time="1.025"/>
</testsuite> <!-- com.RestAssuredPro.test.TCTest003_GooglemapGetReq -->
