<?xml version="1.0" encoding="UTF-8"?>
<!-- Generated by org.testng.reporters.JUnitReportReporter -->
<testsuite hostname="WIN106401" failures="0" tests="8" name="com.RestAssuredPro.test.TC001_Get_AllEmployeeData" time="4.464" errors="0" timestamp="03 Aug 2019 12:37:15 GMT" skipped="0">
  <testcase classname="com.RestAssuredPro.test.TC001_Get_AllEmployeeData" name="checkStatusCode" time="0.008"/>
  <testcase classname="com.RestAssuredPro.test.TC001_Get_AllEmployeeData" name="checkContentType" time="0.149"/>
  <testcase classname="com.RestAssuredPro.test.TC001_Get_AllEmployeeData" name="ckeckContentEncoding" time="0.782"/>
  <testcase classname="com.RestAssuredPro.test.TC001_Get_AllEmployeeData" name="checkStatusLine" time="0.104"/>
  <testcase classname="com.RestAssuredPro.test.TC001_Get_AllEmployeeData" name="checkResponseBody" time="3.400"/>
  <testcase classname="com.RestAssuredPro.test.TC001_Get_AllEmployeeData" name="checkserverType" time="0.007"/>
  <testcase classname="com.RestAssuredPro.test.TC001_Get_AllEmployeeData" name="checkResponseTime" time="0.005"/>
  <testcase classname="com.RestAssuredPro.test.TC001_Get_AllEmployeeData" name="checkCookies" time="0.009"/>
</testsuite> <!-- com.RestAssuredPro.test.TC001_Get_AllEmployeeData -->
