<?xml version="1.0" encoding="UTF-8"?>
<!-- Generated by org.testng.reporters.JUnitReportReporter -->
<testsuite hostname="WIN106401" failures="0" tests="8" name="com.RestAssuredPro.test.TC02_Get_SingleEmplReocord" time="0.065" errors="0" timestamp="03 Aug 2019 12:37:15 GMT" skipped="0">
  <testcase classname="com.RestAssuredPro.test.TC02_Get_SingleEmplReocord" name="checkContentLength" time="0.009"/>
  <testcase classname="com.RestAssuredPro.test.TC02_Get_SingleEmplReocord" name="checkStatusCode" time="0.005"/>
  <testcase classname="com.RestAssuredPro.test.TC02_Get_SingleEmplReocord" name="checkContentType" time="0.000"/>
  <testcase classname="com.RestAssuredPro.test.TC02_Get_SingleEmplReocord" name="ckeckContentEncoding" time="0.006"/>
  <testcase classname="com.RestAssuredPro.test.TC02_Get_SingleEmplReocord" name="checkResponseBody" time="0.016"/>
  <testcase classname="com.RestAssuredPro.test.TC02_Get_SingleEmplReocord" name="checkResponseTime" time="0.015"/>
  <testcase classname="com.RestAssuredPro.test.TC02_Get_SingleEmplReocord" name="checkserverType" time="0.008"/>
  <testcase classname="com.RestAssuredPro.test.TC02_Get_SingleEmplReocord" name="checkStatusLine" time="0.006"/>
</testsuite> <!-- com.RestAssuredPro.test.TC02_Get_SingleEmplReocord -->
