<?xml version="1.0" encoding="UTF-8"?>
<!-- Generated by org.testng.reporters.JUnitReportReporter -->
<testsuite hostname="WIN106401" failures="0" tests="1" name="com.RestAssuredPro.test.TCTest007_Get_Authentication" time="4.879" errors="0" timestamp="02 Aug 2019 20:08:41 GMT" skipped="0">
  <testcase classname="com.RestAssuredPro.test.TCTest007_Get_Authentication" name="Get_Authentication" time="4.879"/>
</testsuite> <!-- com.RestAssuredPro.test.TCTest007_Get_Authentication -->
