<?xml version="1.0" encoding="UTF-8"?>
<!-- Generated by org.testng.reporters.JUnitReportReporter -->
<testsuite hostname="WIN106401" failures="0" tests="1" name="com.RestAssuredPro.test.TCTest001_GetWeatherRequest" time="5.026" errors="0" timestamp="02 Aug 2019 18:51:36 GMT" skipped="0">
  <testcase classname="com.RestAssuredPro.test.TCTest001_GetWeatherRequest" name="getWeatherDetails" time="5.026"/>
</testsuite> <!-- com.RestAssuredPro.test.TCTest001_GetWeatherRequest -->
