<?xml version="1.0" encoding="UTF-8"?>
<!-- Generated by org.testng.reporters.JUnitReportReporter -->
<testsuite hostname="WIN106401" failures="0" tests="7" name="com.RestAssuredPro.test.TC05_Delete_EmployeeRecord" time="0.053" errors="0" timestamp="03 Aug 2019 12:37:15 GMT" skipped="0">
  <testcase classname="com.RestAssuredPro.test.TC05_Delete_EmployeeRecord" name="checkStatusLine" time="0.010"/>
  <testcase classname="com.RestAssuredPro.test.TC05_Delete_EmployeeRecord" name="checkContentType" time="0.007"/>
  <testcase classname="com.RestAssuredPro.test.TC05_Delete_EmployeeRecord" name="checkResponseBody" time="0.006"/>
  <testcase classname="com.RestAssuredPro.test.TC05_Delete_EmployeeRecord" name="checkContentLength" time="0.015"/>
  <testcase classname="com.RestAssuredPro.test.TC05_Delete_EmployeeRecord" name="checkResponseTime" time="0.009"/>
  <testcase classname="com.RestAssuredPro.test.TC05_Delete_EmployeeRecord" name="checkserverType" time="0.000"/>
  <testcase classname="com.RestAssuredPro.test.TC05_Delete_EmployeeRecord" name="checkStatusCode" time="0.006"/>
</testsuite> <!-- com.RestAssuredPro.test.TC05_Delete_EmployeeRecord -->
