<?xml version="1.0" encoding="UTF-8"?>
<!-- Generated by org.testng.reporters.JUnitReportReporter -->
<testsuite hostname="WIN106401" failures="0" tests="5" name="com.RestAssuredPro.test.TCTest_DDT008_AddNewEmployee" time="7.344" errors="0" timestamp="03 Aug 2019 00:00:20 GMT" skipped="0">
  <testcase classname="com.RestAssuredPro.test.TCTest_DDT008_AddNewEmployee" name="postNewEmployee" time="0.438"/>
  <testcase classname="com.RestAssuredPro.test.TCTest_DDT008_AddNewEmployee" name="postNewEmployee" time="0.418"/>
  <testcase classname="com.RestAssuredPro.test.TCTest_DDT008_AddNewEmployee" name="postNewEmployee" time="0.403"/>
  <testcase classname="com.RestAssuredPro.test.TCTest_DDT008_AddNewEmployee" name="postNewEmployee" time="0.407"/>
  <testcase classname="com.RestAssuredPro.test.TCTest_DDT008_AddNewEmployee" name="postNewEmployee" time="5.678"/>
</testsuite> <!-- com.RestAssuredPro.test.TCTest_DDT008_AddNewEmployee -->
