<?xml version="1.0" encoding="UTF-8"?>
<!-- Generated by org.testng.reporters.JUnitReportReporter -->
<testsuite hostname="WIN106401" failures="0" tests="7" name="com.RestAssuredPro.test.TC03_Post_CreateNewRecord" time="0.715" errors="0" timestamp="03 Aug 2019 12:37:15 GMT" skipped="0">
  <testcase classname="com.RestAssuredPro.test.TC03_Post_CreateNewRecord" name="checkStatusLine" time="0.004"/>
  <testcase classname="com.RestAssuredPro.test.TC03_Post_CreateNewRecord" name="checkResponseTime" time="0.000"/>
  <testcase classname="com.RestAssuredPro.test.TC03_Post_CreateNewRecord" name="checkContentType" time="0.000"/>
  <testcase classname="com.RestAssuredPro.test.TC03_Post_CreateNewRecord" name="checkStatusCode" time="0.000"/>
  <testcase classname="com.RestAssuredPro.test.TC03_Post_CreateNewRecord" name="checkContentLength" time="0.005"/>
  <testcase classname="com.RestAssuredPro.test.TC03_Post_CreateNewRecord" name="checkResponseBody" time="0.000"/>
  <testcase classname="com.RestAssuredPro.test.TC03_Post_CreateNewRecord" name="checkserverType" time="0.706"/>
</testsuite> <!-- com.RestAssuredPro.test.TC03_Post_CreateNewRecord -->
